<?xml version="1.0" encoding="UTF-8"?>
<!-- Generated by org.testng.reporters.JUnitReportReporter -->
<testsuite hostname="zubayer-MS-7C89" failures="0" tests="2" name="test.loginWithTestNGDemo" time="4.070" errors="0" timestamp="2022-06-28T08:54:42 BDT" skipped="0">
  <testcase classname="test.loginWithTestNGDemo" name="logInDarazAccount" time="4.069"/>
  <system-out/>
  <testcase classname="test.loginWithTestNGDemo" name="tearDownTest" time="0.001"/>
  <system-out/>
</testsuite> <!-- test.loginWithTestNGDemo -->
