<?xml version="1.0" encoding="UTF-8"?>
<!-- Generated by org.testng.reporters.JUnitReportReporter -->
<testsuite hostname="zubayer-MS-7C89" failures="0" tests="1" name="test.loginFailed" time="5.804" errors="0" timestamp="2022-06-29T11:29:47 BDT" skipped="0">
  <testcase classname="test.loginFailed" name="testUntitledTestCase" time="5.804"/>
  <system-out/>
</testsuite> <!-- test.loginFailed -->
