<?xml version="1.0" encoding="UTF-8"?>
<!-- Generated by org.testng.reporters.JUnitReportReporter -->
<testsuite hostname="zubayer-MS-7C89" failures="0" tests="1" name="test.webStoreOrderJourneyTest" time="9.924" errors="0" timestamp="2022-07-19T12:14:45 BDT" skipped="0">
  <testcase classname="test.webStoreOrderJourneyTest" name="testWebstoreAddtocart" time="9.924"/>
  <system-out/>
</testsuite> <!-- test.webStoreOrderJourneyTest -->
