<?xml version="1.0" encoding="UTF-8"?>
<!-- Generated by org.testng.reporters.JUnitReportReporter -->
<testsuite hostname="zubayer-MS-7C89" failures="0" tests="2" name="test.loginWithTestNGDemo" time="5.649" errors="0" timestamp="2022-06-27T14:43:49 BDT" skipped="0">
  <testcase classname="test.loginWithTestNGDemo" name="tearDownTest" time="0.073"/>
  <system-out/>
  <testcase classname="test.loginWithTestNGDemo" name="logInDarazAccount" time="5.576"/>
  <system-out/>
</testsuite> <!-- test.loginWithTestNGDemo -->
