<?xml version="1.0" encoding="UTF-8"?>
<!-- Generated by org.testng.reporters.JUnitReportReporter -->
<testsuite hostname="zubayer-MS-7C89" failures="0" tests="1" name="test.loginTestWithTestngDemo" time="3.385" errors="0" timestamp="2022-06-27T13:21:19 BDT" skipped="0">
  <testcase classname="test.loginTestWithTestngDemo" name="testLogin" time="3.385"/>
  <system-out/>
</testsuite> <!-- test.loginTestWithTestngDemo -->
